<?xml version="1.0" encoding="UTF-8"?>
<Site BuildName="Win32-mingw32-make"
	BuildStamp="20231108-0930-Experimental"
	Name="GLaDoS"
	Generator="ctest-3.28.0-rc3"
	CompilerName="C:/Program Files/mingw-w64/x86_64-8.1.0-posix-seh-rt_v6-rev0/mingw64/bin/g++.exe"
	CompilerVersion="8.1.0"
	OSName="Windows"
	Hostname="GLaDoS"
	OSRelease=" Personal"
	OSVersion=" (Build 19045)"
	OSPlatform="AMD64"
	Is64Bits="1"
	VendorString="GenuineIntel"
	VendorID="Intel Corporation"
	FamilyID="6"
	ModelID="14"
	ProcessorCacheSize="-1"
	NumberOfLogicalCPU="8"
	NumberOfPhysicalCPU="4"
	TotalVirtualMemory="27682"
	TotalPhysicalMemory="16226"
	LogicalProcessorsPerPhysical="2"
	ProcessorClockFrequency="2312"
	>
	<Testing>
		<StartDateTime>Nov 08 18:15 India Standard Time</StartDateTime>
		<StartTestTime>1699447535</StartTestTime>
		<TestList/>
		<EndDateTime>Nov 08 18:15 India Standard Time</EndDateTime>
		<EndTestTime>1699447535</EndTestTime>
		<ElapsedMinutes>0</ElapsedMinutes>
	</Testing>
</Site>
